<?xml version="1.0" encoding="UTF-8" ?>
<testsuite tests="9" failures="0" name="dk.easv.tictactoe.bll.GameBoardTest" time="0.035" errors="0" skipped="0">
  <properties>
[...]
</properties>
  <testcase classname="dk.easv.tictactoe.bll.GameBoardTest" name="testGetNextPlayerAfterOneRound" time="0.031"/>
  <testcase classname="dk.easv.tictactoe.bll.GameBoardTest" name="testPlayAtZeroZero" time="0"/>
  <testcase classname="dk.easv.tictactoe.bll.GameBoardTest" name="testPlayAtTakenSpot" time="0"/>
  <testcase classname="dk.easv.tictactoe.bll.GameBoardTest" name="testGetWinnerDiagonally" time="0"/>
  <testcase classname="dk.easv.tictactoe.bll.GameBoardTest" name="testPlayAtOneOne" time="0.003"/>
  <testcase classname="dk.easv.tictactoe.bll.GameBoardTest" name="testGetWinnerPlayerZeroVeritcal" time="0.001"/>
  <testcase classname="dk.easv.tictactoe.bll.GameBoardTest" name="testGetNextPlayer" time="0"/>
  <testcase classname="dk.easv.tictactoe.bll.GameBoardTest" name="testGetWinnerPlayerOneHorizontal" time="0"/>
  <testcase classname="dk.easv.tictactoe.bll.GameBoardTest" name="testIsGameOver" time="0"/>
</testsuite>